<?xml version="1.0" encoding="UTF-8"?>
<coverage generated="1540378430310" clover="3.2.0">
  <project timestamp="1540378430312" name="All files">
    <metrics statements="82" coveredstatements="69" conditionals="61" coveredconditionals="40" methods="26" coveredmethods="19" elements="169" coveredelements="128" complexity="0" loc="82" ncloc="82" packages="2" files="5" classes="5">
      <package name="controllers">
        <metrics statements="45" coveredstatements="36" conditionals="40" coveredconditionals="22" methods="13" coveredmethods="9"/>
        <file name="contentController.js" path="C:\Peter\workspace\Yandex\homeworks\testing\controllers\contentController.js">
          <metrics statements="16" coveredstatements="13" conditionals="15" coveredconditionals="9" methods="4" coveredmethods="3"/>
          <line num="1" count="1" type="stmt"/>
          <line num="2" count="1" type="stmt"/>
          <line num="4" count="1" type="stmt"/>
          <line num="5" count="1" type="cond" truecount="2" falsecount="1"/>
          <line num="6" count="1" type="cond" truecount="1" falsecount="1"/>
          <line num="7" count="1" type="cond" truecount="1" falsecount="1"/>
          <line num="8" count="1" type="cond" truecount="1" falsecount="1"/>
          <line num="10" count="1" type="stmt"/>
          <line num="11" count="1" type="stmt"/>
          <line num="13" count="1" type="stmt"/>
          <line num="15" count="1" type="cond" truecount="3" falsecount="1"/>
          <line num="16" count="0" type="stmt"/>
          <line num="21" count="1" type="cond" truecount="1" falsecount="1"/>
          <line num="22" count="0" type="stmt"/>
          <line num="28" count="1" type="stmt"/>
          <line num="31" count="0" type="stmt"/>
        </file>
        <file name="filesController.js" path="C:\Peter\workspace\Yandex\homeworks\testing\controllers\filesController.js">
          <metrics statements="18" coveredstatements="13" conditionals="16" coveredconditionals="8" methods="5" coveredmethods="3"/>
          <line num="1" count="1" type="stmt"/>
          <line num="6" count="1" type="stmt"/>
          <line num="9" count="0" type="cond" truecount="0" falsecount="3"/>
          <line num="11" count="0" type="stmt"/>
          <line num="13" count="0" type="stmt"/>
          <line num="15" count="0" type="stmt"/>
          <line num="19" count="1" type="stmt"/>
          <line num="20" count="2" type="cond" truecount="2" falsecount="1"/>
          <line num="21" count="2" type="cond" truecount="1" falsecount="1"/>
          <line num="22" count="2" type="cond" truecount="1" falsecount="1"/>
          <line num="23" count="2" type="cond" truecount="1" falsecount="1"/>
          <line num="25" count="2" type="stmt"/>
          <line num="26" count="2" type="cond" truecount="2" falsecount="0"/>
          <line num="28" count="2" type="cond" truecount="1" falsecount="1"/>
          <line num="30" count="2" type="stmt"/>
          <line num="32" count="2" type="stmt"/>
          <line num="38" count="2" type="stmt"/>
          <line num="44" count="0" type="stmt"/>
        </file>
        <file name="indexController.js" path="C:\Peter\workspace\Yandex\homeworks\testing\controllers\indexController.js">
          <metrics statements="11" coveredstatements="10" conditionals="9" coveredconditionals="5" methods="4" coveredmethods="3"/>
          <line num="1" count="1" type="stmt"/>
          <line num="2" count="1" type="stmt"/>
          <line num="4" count="1" type="stmt"/>
          <line num="5" count="2" type="cond" truecount="2" falsecount="1"/>
          <line num="6" count="2" type="cond" truecount="1" falsecount="1"/>
          <line num="7" count="2" type="cond" truecount="1" falsecount="1"/>
          <line num="8" count="2" type="cond" truecount="1" falsecount="1"/>
          <line num="10" count="2" type="stmt"/>
          <line num="12" count="2" type="stmt"/>
          <line num="17" count="2" type="stmt"/>
          <line num="23" count="0" type="stmt"/>
        </file>
      </package>
      <package name="utils">
        <metrics statements="37" coveredstatements="33" conditionals="21" coveredconditionals="18" methods="13" coveredmethods="10"/>
        <file name="git.js" path="C:\Peter\workspace\Yandex\homeworks\testing\utils\git.js">
          <metrics statements="22" coveredstatements="18" conditionals="10" coveredconditionals="8" methods="10" coveredmethods="7"/>
          <line num="1" count="4" type="stmt"/>
          <line num="2" count="4" type="stmt"/>
          <line num="4" count="4" type="stmt"/>
          <line num="7" count="3" type="stmt"/>
          <line num="8" count="3" type="stmt"/>
          <line num="9" count="2" type="cond" truecount="2" falsecount="0"/>
          <line num="10" count="1" type="stmt"/>
          <line num="13" count="2" type="stmt"/>
          <line num="19" count="1" type="stmt"/>
          <line num="21" count="1" type="stmt"/>
          <line num="30" count="0" type="stmt"/>
          <line num="32" count="0" type="stmt"/>
          <line num="41" count="0" type="stmt"/>
          <line num="49" count="1" type="stmt"/>
          <line num="50" count="1" type="stmt"/>
          <line num="52" count="1" type="stmt"/>
          <line num="56" count="3" type="stmt"/>
          <line num="57" count="3" type="cond" truecount="2" falsecount="0"/>
          <line num="59" count="3" type="cond" truecount="2" falsecount="0"/>
          <line num="60" count="2" type="stmt"/>
          <line num="68" count="0" type="stmt"/>
          <line num="71" count="4" type="stmt"/>
        </file>
        <file name="navigation.js" path="C:\Peter\workspace\Yandex\homeworks\testing\utils\navigation.js">
          <metrics statements="15" coveredstatements="15" conditionals="11" coveredconditionals="10" methods="3" coveredmethods="3"/>
          <line num="2" count="1" type="stmt"/>
          <line num="6" count="1" type="stmt"/>
          <line num="10" count="4" type="stmt"/>
          <line num="17" count="4" type="cond" truecount="2" falsecount="0"/>
          <line num="18" count="3" type="cond" truecount="2" falsecount="0"/>
          <line num="19" count="3" type="stmt"/>
          <line num="22" count="3" type="stmt"/>
          <line num="28" count="3" type="stmt"/>
          <line num="29" count="3" type="stmt"/>
          <line num="30" count="2" type="stmt"/>
          <line num="31" count="2" type="stmt"/>
          <line num="32" count="2" type="stmt"/>
          <line num="39" count="3" type="cond" truecount="2" falsecount="0"/>
          <line num="45" count="4" type="stmt"/>
          <line num="48" count="4" type="stmt"/>
        </file>
      </package>
    </metrics>
  </project>
</coverage>
