{"/Users/maxim/oneway/yandex-test/shri-testing-homework/utils/navigation.js":{"path":"/Users/maxim/oneway/yandex-test/shri-testing-homework/utils/navigation.js","s":{"1":0,"2":0,"3":0,"4":0,"5":0,"6":0,"7":0,"8":0,"9":0,"10":0,"11":0,"12":0,"13":0,"14":0,"15":1,"16":1},"b":{"1":[0,0],"2":[0,0],"3":[0,0],"4":[0,0],"5":[0,0]},"f":{"1":0,"2":0,"3":0},"fnMap":{"1":{"name":"(anonymous_1)","line":2,"loc":{"start":{"line":2,"column":16},"end":{"line":2,"column":40}}},"2":{"name":"(anonymous_2)","line":6,"loc":{"start":{"line":6,"column":14},"end":{"line":6,"column":33}}},"3":{"name":"(anonymous_3)","line":10,"loc":{"start":{"line":10,"column":18},"end":{"line":10,"column":31}}}},"statementMap":{"1":{"start":{"line":3,"column":4},"end":{"line":3,"column":42}},"2":{"start":{"line":7,"column":4},"end":{"line":7,"column":44}},"3":{"start":{"line":11,"column":4},"end":{"line":16,"column":6}},"4":{"start":{"line":18,"column":4},"end":{"line":45,"column":5}},"5":{"start":{"line":19,"column":6},"end":{"line":20,"column":25}},"6":{"start":{"line":21,"column":6},"end":{"line":21,"column":53}},"7":{"start":{"line":24,"column":6},"end":{"line":27,"column":9}},"8":{"start":{"line":30,"column":6},"end":{"line":30,"column":24}},"9":{"start":{"line":31,"column":6},"end":{"line":38,"column":7}},"10":{"start":{"line":32,"column":8},"end":{"line":32,"column":39}},"11":{"start":{"line":33,"column":8},"end":{"line":33,"column":31}},"12":{"start":{"line":34,"column":8},"end":{"line":37,"column":11}},"13":{"start":{"line":41,"column":6},"end":{"line":44,"column":9}},"14":{"start":{"line":46,"column":4},"end":{"line":46,"column":14}},"15":{"start":{"line":50,"column":0},"end":{"line":50,"column":36}},"16":{"start":{"line":52,"column":0},"end":{"line":55,"column":2}}},"branchMap":{"1":{"line":14,"type":"cond-expr","locations":[{"start":{"line":14,"column":21},"end":{"line":14,"column":24}},{"start":{"line":14,"column":27},"end":{"line":14,"column":36}}]},"2":{"line":18,"type":"if","locations":[{"start":{"line":18,"column":4},"end":{"line":18,"column":4}},{"start":{"line":18,"column":4},"end":{"line":18,"column":4}}]},"3":{"line":19,"type":"binary-expr","locations":[{"start":{"line":19,"column":30},"end":{"line":19,"column":34}},{"start":{"line":19,"column":38},"end":{"line":19,"column":40}}]},"4":{"line":26,"type":"cond-expr","locations":[{"start":{"line":26,"column":38},"end":{"line":26,"column":55}},{"start":{"line":26,"column":58},"end":{"line":26,"column":67}}]},"5":{"line":41,"type":"binary-expr","locations":[{"start":{"line":41,"column":6},"end":{"line":41,"column":17}},{"start":{"line":42,"column":9},"end":{"line":44,"column":8}}]}}}}