{"C:\\Peter\\workspace\\Yandex\\homeworks\\testing\\controllers\\contentController.js": {"path":"C:\\Peter\\workspace\\Yandex\\homeworks\\testing\\controllers\\contentController.js","statementMap":{"0":{"start":{"line":1,"column":40},"end":{"line":1,"column":63}},"1":{"start":{"line":2,"column":29},"end":{"line":2,"column":59}},"2":{"start":{"line":4,"column":0},"end":{"line":33,"column":2}},"3":{"start":{"line":5,"column":16},"end":{"line":5,"column":39}},"4":{"start":{"line":6,"column":23},"end":{"line":6,"column":55}},"5":{"start":{"line":7,"column":26},"end":{"line":7,"column":64}},"6":{"start":{"line":8,"column":28},"end":{"line":8,"column":70}},"7":{"start":{"line":10,"column":19},"end":{"line":10,"column":29}},"8":{"start":{"line":11,"column":15},"end":{"line":11,"column":55}},"9":{"start":{"line":13,"column":2},"end":{"line":32,"column":6}},"10":{"start":{"line":15,"column":6},"end":{"line":17,"column":7}},"11":{"start":{"line":16,"column":8},"end":{"line":16,"column":42}},"12":{"start":{"line":21,"column":8},"end":{"line":29,"column":9}},"13":{"start":{"line":22,"column":10},"end":{"line":26,"column":13}},"14":{"start":{"line":28,"column":10},"end":{"line":28,"column":17}},"15":{"start":{"line":31,"column":13},"end":{"line":31,"column":22}}},"fnMap":{"0":{"name":"(anonymous_0)","decl":{"start":{"line":4,"column":17},"end":{"line":4,"column":18}},"loc":{"start":{"line":4,"column":51},"end":{"line":33,"column":1}},"line":4},"1":{"name":"(anonymous_1)","decl":{"start":{"line":14,"column":10},"end":{"line":14,"column":11}},"loc":{"start":{"line":14,"column":27},"end":{"line":18,"column":5}},"line":14},"2":{"name":"(anonymous_2)","decl":{"start":{"line":20,"column":6},"end":{"line":20,"column":7}},"loc":{"start":{"line":20,"column":17},"end":{"line":30,"column":7}},"line":20},"3":{"name":"(anonymous_3)","decl":{"start":{"line":31,"column":6},"end":{"line":31,"column":7}},"loc":{"start":{"line":31,"column":13},"end":{"line":31,"column":22}},"line":31}},"branchMap":{"0":{"loc":{"start":{"line":5,"column":16},"end":{"line":5,"column":39}},"type":"binary-expr","locations":[{"start":{"line":5,"column":17},"end":{"line":5,"column":21}},{"start":{"line":5,"column":25},"end":{"line":5,"column":32}},{"start":{"line":5,"column":37},"end":{"line":5,"column":39}}],"line":5},"1":{"loc":{"start":{"line":6,"column":23},"end":{"line":6,"column":55}},"type":"binary-expr","locations":[{"start":{"line":6,"column":23},"end":{"line":6,"column":40}},{"start":{"line":6,"column":44},"end":{"line":6,"column":55}}],"line":6},"2":{"loc":{"start":{"line":7,"column":26},"end":{"line":7,"column":64}},"type":"binary-expr","locations":[{"start":{"line":7,"column":26},"end":{"line":7,"column":46}},{"start":{"line":7,"column":50},"end":{"line":7,"column":64}}],"line":7},"3":{"loc":{"start":{"line":8,"column":28},"end":{"line":8,"column":70}},"type":"binary-expr","locations":[{"start":{"line":8,"column":28},"end":{"line":8,"column":50}},{"start":{"line":8,"column":54},"end":{"line":8,"column":70}}],"line":8},"4":{"loc":{"start":{"line":15,"column":6},"end":{"line":17,"column":7}},"type":"if","locations":[{"start":{"line":15,"column":6},"end":{"line":17,"column":7}},{"start":{"line":15,"column":6},"end":{"line":17,"column":7}}],"line":15},"5":{"loc":{"start":{"line":15,"column":10},"end":{"line":15,"column":38}},"type":"binary-expr","locations":[{"start":{"line":15,"column":10},"end":{"line":15,"column":14}},{"start":{"line":15,"column":18},"end":{"line":15,"column":38}}],"line":15},"6":{"loc":{"start":{"line":21,"column":8},"end":{"line":29,"column":9}},"type":"if","locations":[{"start":{"line":21,"column":8},"end":{"line":29,"column":9}},{"start":{"line":21,"column":8},"end":{"line":29,"column":9}}],"line":21}},"s":{"0":1,"1":1,"2":1,"3":1,"4":1,"5":1,"6":1,"7":1,"8":1,"9":1,"10":1,"11":0,"12":1,"13":0,"14":1,"15":0},"f":{"0":1,"1":1,"2":1,"3":0},"b":{"0":[1,1,0],"1":[1,0],"2":[1,0],"3":[1,0],"4":[0,1],"5":[1,1],"6":[0,1]},"_coverageSchema":"332fd63041d2c1bcb487cc26dd0d5f7d97098a6c","hash":"da48adc0d4a6a1692892d7706c9620a932371940"}
,"C:\\Peter\\workspace\\Yandex\\homeworks\\testing\\controllers\\filesController.js": {"path":"C:\\Peter\\workspace\\Yandex\\homeworks\\testing\\controllers\\filesController.js","statementMap":{"0":{"start":{"line":1,"column":24},"end":{"line":1,"column":47}},"1":{"start":{"line":6,"column":4},"end":{"line":6,"column":34}},"2":{"start":{"line":9,"column":2},"end":{"line":16,"column":3}},"3":{"start":{"line":11,"column":6},"end":{"line":11,"column":46}},"4":{"start":{"line":13,"column":6},"end":{"line":13,"column":44}},"5":{"start":{"line":15,"column":6},"end":{"line":15,"column":17}},"6":{"start":{"line":19,"column":0},"end":{"line":46,"column":2}},"7":{"start":{"line":20,"column":16},"end":{"line":20,"column":39}},"8":{"start":{"line":21,"column":23},"end":{"line":21,"column":55}},"9":{"start":{"line":22,"column":26},"end":{"line":22,"column":64}},"10":{"start":{"line":23,"column":28},"end":{"line":23,"column":70}},"11":{"start":{"line":25,"column":19},"end":{"line":25,"column":29}},"12":{"start":{"line":26,"column":20},"end":{"line":26,"column":68}},"13":{"start":{"line":28,"column":15},"end":{"line":28,"column":64}},"14":{"start":{"line":30,"column":2},"end":{"line":45,"column":4}},"15":{"start":{"line":32,"column":20},"end":{"line":36,"column":9}},"16":{"start":{"line":32,"column":38},"end":{"line":36,"column":7}},"17":{"start":{"line":38,"column":6},"end":{"line":42,"column":9}},"18":{"start":{"line":44,"column":11},"end":{"line":44,"column":20}}},"fnMap":{"0":{"name":"buildObjectUrl","decl":{"start":{"line":8,"column":9},"end":{"line":8,"column":23}},"loc":{"start":{"line":8,"column":52},"end":{"line":17,"column":1}},"line":8},"1":{"name":"(anonymous_1)","decl":{"start":{"line":19,"column":17},"end":{"line":19,"column":18}},"loc":{"start":{"line":19,"column":51},"end":{"line":46,"column":1}},"line":19},"2":{"name":"(anonymous_2)","decl":{"start":{"line":31,"column":4},"end":{"line":31,"column":5}},"loc":{"start":{"line":31,"column":12},"end":{"line":43,"column":5}},"line":31},"3":{"name":"(anonymous_3)","decl":{"start":{"line":32,"column":29},"end":{"line":32,"column":30}},"loc":{"start":{"line":32,"column":38},"end":{"line":36,"column":7}},"line":32},"4":{"name":"(anonymous_4)","decl":{"start":{"line":44,"column":4},"end":{"line":44,"column":5}},"loc":{"start":{"line":44,"column":11},"end":{"line":44,"column":20}},"line":44}},"branchMap":{"0":{"loc":{"start":{"line":9,"column":2},"end":{"line":16,"column":3}},"type":"switch","locations":[{"start":{"line":10,"column":4},"end":{"line":11,"column":46}},{"start":{"line":12,"column":4},"end":{"line":13,"column":44}},{"start":{"line":14,"column":4},"end":{"line":15,"column":17}}],"line":9},"1":{"loc":{"start":{"line":20,"column":16},"end":{"line":20,"column":39}},"type":"binary-expr","locations":[{"start":{"line":20,"column":17},"end":{"line":20,"column":21}},{"start":{"line":20,"column":25},"end":{"line":20,"column":32}},{"start":{"line":20,"column":37},"end":{"line":20,"column":39}}],"line":20},"2":{"loc":{"start":{"line":21,"column":23},"end":{"line":21,"column":55}},"type":"binary-expr","locations":[{"start":{"line":21,"column":23},"end":{"line":21,"column":40}},{"start":{"line":21,"column":44},"end":{"line":21,"column":55}}],"line":21},"3":{"loc":{"start":{"line":22,"column":26},"end":{"line":22,"column":64}},"type":"binary-expr","locations":[{"start":{"line":22,"column":26},"end":{"line":22,"column":46}},{"start":{"line":22,"column":50},"end":{"line":22,"column":64}}],"line":22},"4":{"loc":{"start":{"line":23,"column":28},"end":{"line":23,"column":70}},"type":"binary-expr","locations":[{"start":{"line":23,"column":28},"end":{"line":23,"column":50}},{"start":{"line":23,"column":54},"end":{"line":23,"column":70}}],"line":23},"5":{"loc":{"start":{"line":26,"column":21},"end":{"line":26,"column":40}},"type":"binary-expr","locations":[{"start":{"line":26,"column":21},"end":{"line":26,"column":34}},{"start":{"line":26,"column":38},"end":{"line":26,"column":40}}],"line":26},"6":{"loc":{"start":{"line":28,"column":15},"end":{"line":28,"column":64}},"type":"cond-expr","locations":[{"start":{"line":28,"column":34},"end":{"line":28,"column":59}},{"start":{"line":28,"column":62},"end":{"line":28,"column":64}}],"line":28}},"s":{"0":1,"1":1,"2":0,"3":0,"4":0,"5":0,"6":1,"7":2,"8":2,"9":2,"10":2,"11":2,"12":2,"13":2,"14":2,"15":2,"16":2,"17":2,"18":0},"f":{"0":0,"1":2,"2":2,"3":2,"4":0},"b":{"0":[0,0,0],"1":[2,2,0],"2":[2,0],"3":[2,0],"4":[2,0],"5":[2,2],"6":[0,2]},"_coverageSchema":"332fd63041d2c1bcb487cc26dd0d5f7d97098a6c","hash":"ed1345e7a1142809a6d0c7c3fb4fa607a6263e80"}
,"C:\\Peter\\workspace\\Yandex\\homeworks\\testing\\controllers\\indexController.js": {"path":"C:\\Peter\\workspace\\Yandex\\homeworks\\testing\\controllers\\indexController.js","statementMap":{"0":{"start":{"line":1,"column":23},"end":{"line":1,"column":46}},"1":{"start":{"line":2,"column":45},"end":{"line":2,"column":75}},"2":{"start":{"line":4,"column":0},"end":{"line":25,"column":2}},"3":{"start":{"line":5,"column":16},"end":{"line":5,"column":39}},"4":{"start":{"line":6,"column":22},"end":{"line":6,"column":52}},"5":{"start":{"line":7,"column":26},"end":{"line":7,"column":64}},"6":{"start":{"line":8,"column":28},"end":{"line":8,"column":70}},"7":{"start":{"line":10,"column":2},"end":{"line":24,"column":4}},"8":{"start":{"line":12,"column":19},"end":{"line":15,"column":9}},"9":{"start":{"line":12,"column":40},"end":{"line":15,"column":7}},"10":{"start":{"line":17,"column":6},"end":{"line":21,"column":9}},"11":{"start":{"line":23,"column":11},"end":{"line":23,"column":20}}},"fnMap":{"0":{"name":"(anonymous_0)","decl":{"start":{"line":4,"column":17},"end":{"line":4,"column":18}},"loc":{"start":{"line":4,"column":51},"end":{"line":25,"column":1}},"line":4},"1":{"name":"(anonymous_1)","decl":{"start":{"line":11,"column":4},"end":{"line":11,"column":5}},"loc":{"start":{"line":11,"column":15},"end":{"line":22,"column":5}},"line":11},"2":{"name":"(anonymous_2)","decl":{"start":{"line":12,"column":31},"end":{"line":12,"column":32}},"loc":{"start":{"line":12,"column":40},"end":{"line":15,"column":7}},"line":12},"3":{"name":"(anonymous_3)","decl":{"start":{"line":23,"column":4},"end":{"line":23,"column":5}},"loc":{"start":{"line":23,"column":11},"end":{"line":23,"column":20}},"line":23}},"branchMap":{"0":{"loc":{"start":{"line":5,"column":16},"end":{"line":5,"column":39}},"type":"binary-expr","locations":[{"start":{"line":5,"column":17},"end":{"line":5,"column":21}},{"start":{"line":5,"column":25},"end":{"line":5,"column":32}},{"start":{"line":5,"column":37},"end":{"line":5,"column":39}}],"line":5},"1":{"loc":{"start":{"line":6,"column":22},"end":{"line":6,"column":52}},"type":"binary-expr","locations":[{"start":{"line":6,"column":22},"end":{"line":6,"column":38}},{"start":{"line":6,"column":42},"end":{"line":6,"column":52}}],"line":6},"2":{"loc":{"start":{"line":7,"column":26},"end":{"line":7,"column":64}},"type":"binary-expr","locations":[{"start":{"line":7,"column":26},"end":{"line":7,"column":46}},{"start":{"line":7,"column":50},"end":{"line":7,"column":64}}],"line":7},"3":{"loc":{"start":{"line":8,"column":28},"end":{"line":8,"column":70}},"type":"binary-expr","locations":[{"start":{"line":8,"column":28},"end":{"line":8,"column":50}},{"start":{"line":8,"column":54},"end":{"line":8,"column":70}}],"line":8}},"s":{"0":1,"1":1,"2":1,"3":2,"4":2,"5":2,"6":2,"7":2,"8":2,"9":2,"10":2,"11":0},"f":{"0":2,"1":2,"2":2,"3":0},"b":{"0":[2,2,0],"1":[2,0],"2":[2,0],"3":[2,0]},"_coverageSchema":"332fd63041d2c1bcb487cc26dd0d5f7d97098a6c","hash":"9cc4d9b0cc9a2b8b34f17d23f4950916f78f73ed"}
,"C:\\Peter\\workspace\\Yandex\\homeworks\\testing\\utils\\git.js": {"path":"C:\\Peter\\workspace\\Yandex\\homeworks\\testing\\utils\\git.js","statementMap":{"0":{"start":{"line":1,"column":20},"end":{"line":1,"column":35}},"1":{"start":{"line":2,"column":13},"end":{"line":2,"column":25}},"2":{"start":{"line":4,"column":21},"end":{"line":4,"column":45}},"3":{"start":{"line":7,"column":2},"end":{"line":15,"column":5}},"4":{"start":{"line":8,"column":4},"end":{"line":14,"column":7}},"5":{"start":{"line":9,"column":6},"end":{"line":11,"column":7}},"6":{"start":{"line":10,"column":8},"end":{"line":10,"column":20}},"7":{"start":{"line":13,"column":6},"end":{"line":13,"column":33}},"8":{"start":{"line":19,"column":41},"end":{"line":19,"column":57}},"9":{"start":{"line":21,"column":2},"end":{"line":26,"column":4}},"10":{"start":{"line":30,"column":17},"end":{"line":30,"column":34}},"11":{"start":{"line":32,"column":2},"end":{"line":45,"column":5}},"12":{"start":{"line":41,"column":4},"end":{"line":44,"column":29}},"13":{"start":{"line":49,"column":23},"end":{"line":49,"column":39}},"14":{"start":{"line":50,"column":25},"end":{"line":50,"column":40}},"15":{"start":{"line":52,"column":2},"end":{"line":52,"column":30}},"16":{"start":{"line":56,"column":15},"end":{"line":56,"column":38}},"17":{"start":{"line":57,"column":22},"end":{"line":57,"column":51}},"18":{"start":{"line":58,"column":29},"end":{"line":58,"column":72}},"19":{"start":{"line":60,"column":17},"end":{"line":60,"column":34}},"20":{"start":{"line":61,"column":2},"end":{"line":61,"column":28}},"21":{"start":{"line":63,"column":2},"end":{"line":68,"column":5}},"22":{"start":{"line":64,"column":4},"end":{"line":67,"column":31}},"23":{"start":{"line":72,"column":2},"end":{"line":72,"column":43}},"24":{"start":{"line":75,"column":0},"end":{"line":82,"column":2}}},"fnMap":{"0":{"name":"executeGit","decl":{"start":{"line":6,"column":9},"end":{"line":6,"column":19}},"loc":{"start":{"line":6,"column":31},"end":{"line":16,"column":1}},"line":6},"1":{"name":"(anonymous_1)","decl":{"start":{"line":7,"column":21},"end":{"line":7,"column":22}},"loc":{"start":{"line":7,"column":42},"end":{"line":15,"column":3}},"line":7},"2":{"name":"(anonymous_2)","decl":{"start":{"line":8,"column":39},"end":{"line":8,"column":40}},"loc":{"start":{"line":8,"column":56},"end":{"line":14,"column":5}},"line":8},"3":{"name":"parseHistoryItem","decl":{"start":{"line":18,"column":9},"end":{"line":18,"column":25}},"loc":{"start":{"line":18,"column":32},"end":{"line":27,"column":1}},"line":18},"4":{"name":"gitHistory","decl":{"start":{"line":29,"column":9},"end":{"line":29,"column":19}},"loc":{"start":{"line":29,"column":41},"end":{"line":46,"column":1}},"line":29},"5":{"name":"(anonymous_5)","decl":{"start":{"line":40,"column":10},"end":{"line":40,"column":11}},"loc":{"start":{"line":40,"column":18},"end":{"line":45,"column":3}},"line":40},"6":{"name":"parseFileTreeItem","decl":{"start":{"line":48,"column":9},"end":{"line":48,"column":26}},"loc":{"start":{"line":48,"column":33},"end":{"line":53,"column":1}},"line":48},"7":{"name":"gitFileTree","decl":{"start":{"line":55,"column":9},"end":{"line":55,"column":20}},"loc":{"start":{"line":55,"column":42},"end":{"line":69,"column":1}},"line":55},"8":{"name":"(anonymous_8)","decl":{"start":{"line":63,"column":41},"end":{"line":63,"column":42}},"loc":{"start":{"line":63,"column":49},"end":{"line":68,"column":3}},"line":63},"9":{"name":"gitFileContent","decl":{"start":{"line":71,"column":9},"end":{"line":71,"column":23}},"loc":{"start":{"line":71,"column":30},"end":{"line":73,"column":1}},"line":71}},"branchMap":{"0":{"loc":{"start":{"line":9,"column":6},"end":{"line":11,"column":7}},"type":"if","locations":[{"start":{"line":9,"column":6},"end":{"line":11,"column":7}},{"start":{"line":9,"column":6},"end":{"line":11,"column":7}}],"line":9},"1":{"loc":{"start":{"line":29,"column":20},"end":{"line":29,"column":28}},"type":"default-arg","locations":[{"start":{"line":29,"column":27},"end":{"line":29,"column":28}}],"line":29},"2":{"loc":{"start":{"line":29,"column":30},"end":{"line":29,"column":39}},"type":"default-arg","locations":[{"start":{"line":29,"column":37},"end":{"line":29,"column":39}}],"line":29},"3":{"loc":{"start":{"line":56,"column":15},"end":{"line":56,"column":38}},"type":"binary-expr","locations":[{"start":{"line":56,"column":16},"end":{"line":56,"column":20}},{"start":{"line":56,"column":24},"end":{"line":56,"column":31}},{"start":{"line":56,"column":36},"end":{"line":56,"column":38}}],"line":56},"4":{"loc":{"start":{"line":57,"column":22},"end":{"line":57,"column":51}},"type":"binary-expr","locations":[{"start":{"line":57,"column":22},"end":{"line":57,"column":37}},{"start":{"line":57,"column":41},"end":{"line":57,"column":51}}],"line":57},"5":{"loc":{"start":{"line":58,"column":29},"end":{"line":58,"column":72}},"type":"binary-expr","locations":[{"start":{"line":58,"column":29},"end":{"line":58,"column":51}},{"start":{"line":58,"column":55},"end":{"line":58,"column":72}}],"line":58},"6":{"loc":{"start":{"line":61,"column":2},"end":{"line":61,"column":27}},"type":"binary-expr","locations":[{"start":{"line":61,"column":2},"end":{"line":61,"column":6}},{"start":{"line":61,"column":10},"end":{"line":61,"column":27}}],"line":61}},"s":{"0":4,"1":4,"2":4,"3":2,"4":2,"5":2,"6":1,"7":2,"8":1,"9":1,"10":0,"11":0,"12":0,"13":1,"14":1,"15":1,"16":3,"17":3,"18":3,"19":3,"20":3,"21":3,"22":3,"23":0,"24":4},"f":{"0":2,"1":2,"2":2,"3":1,"4":0,"5":0,"6":1,"7":3,"8":3,"9":0},"b":{"0":[1,1],"1":[0],"2":[0],"3":[3,3,0],"4":[3,0],"5":[3,3],"6":[3,1]},"_coverageSchema":"332fd63041d2c1bcb487cc26dd0d5f7d97098a6c","hash":"00c71ee1578c1836f810f522d9e5d8e103f32d1b"}
,"C:\\Peter\\workspace\\Yandex\\homeworks\\testing\\utils\\navigation.js": {"path":"C:\\Peter\\workspace\\Yandex\\homeworks\\testing\\utils\\navigation.js","statementMap":{"0":{"start":{"line":2,"column":2},"end":{"line":2,"column":40}},"1":{"start":{"line":6,"column":2},"end":{"line":6,"column":42}},"2":{"start":{"line":10,"column":13},"end":{"line":15,"column":3}},"3":{"start":{"line":17,"column":2},"end":{"line":43,"column":3}},"4":{"start":{"line":18,"column":27},"end":{"line":18,"column":66}},"5":{"start":{"line":19,"column":26},"end":{"line":19,"column":50}},"6":{"start":{"line":22,"column":4},"end":{"line":25,"column":7}},"7":{"start":{"line":28,"column":19},"end":{"line":28,"column":21}},"8":{"start":{"line":29,"column":4},"end":{"line":36,"column":5}},"9":{"start":{"line":30,"column":19},"end":{"line":30,"column":36}},"10":{"start":{"line":31,"column":6},"end":{"line":31,"column":29}},"11":{"start":{"line":32,"column":6},"end":{"line":35,"column":9}},"12":{"start":{"line":39,"column":4},"end":{"line":42,"column":9}},"13":{"start":{"line":45,"column":2},"end":{"line":45,"column":12}},"14":{"start":{"line":48,"column":0},"end":{"line":52,"column":2}}},"fnMap":{"0":{"name":"buildFolderUrl","decl":{"start":{"line":1,"column":9},"end":{"line":1,"column":23}},"loc":{"start":{"line":1,"column":47},"end":{"line":3,"column":1}},"line":1},"1":{"name":"buildFileUrl","decl":{"start":{"line":5,"column":9},"end":{"line":5,"column":21}},"loc":{"start":{"line":5,"column":40},"end":{"line":7,"column":1}},"line":5},"2":{"name":"buildBreadcrumbs","decl":{"start":{"line":9,"column":9},"end":{"line":9,"column":25}},"loc":{"start":{"line":9,"column":38},"end":{"line":46,"column":1}},"line":9}},"branchMap":{"0":{"loc":{"start":{"line":1,"column":36},"end":{"line":1,"column":45}},"type":"default-arg","locations":[{"start":{"line":1,"column":43},"end":{"line":1,"column":45}}],"line":1},"1":{"loc":{"start":{"line":13,"column":12},"end":{"line":13,"column":34}},"type":"cond-expr","locations":[{"start":{"line":13,"column":19},"end":{"line":13,"column":22}},{"start":{"line":13,"column":25},"end":{"line":13,"column":34}}],"line":13},"2":{"loc":{"start":{"line":17,"column":2},"end":{"line":43,"column":3}},"type":"if","locations":[{"start":{"line":17,"column":2},"end":{"line":43,"column":3}},{"start":{"line":17,"column":2},"end":{"line":43,"column":3}}],"line":17},"3":{"loc":{"start":{"line":18,"column":28},"end":{"line":18,"column":38}},"type":"binary-expr","locations":[{"start":{"line":18,"column":28},"end":{"line":18,"column":32}},{"start":{"line":18,"column":36},"end":{"line":18,"column":38}}],"line":18},"4":{"loc":{"start":{"line":24,"column":12},"end":{"line":24,"column":65}},"type":"cond-expr","locations":[{"start":{"line":24,"column":36},"end":{"line":24,"column":53}},{"start":{"line":24,"column":56},"end":{"line":24,"column":65}}],"line":24},"5":{"loc":{"start":{"line":39,"column":4},"end":{"line":42,"column":8}},"type":"binary-expr","locations":[{"start":{"line":39,"column":4},"end":{"line":39,"column":15}},{"start":{"line":40,"column":6},"end":{"line":42,"column":8}}],"line":39}},"s":{"0":1,"1":1,"2":4,"3":4,"4":3,"5":3,"6":3,"7":3,"8":3,"9":2,"10":2,"11":2,"12":3,"13":4,"14":4},"f":{"0":1,"1":1,"2":4},"b":{"0":[0],"1":[3,1],"2":[3,1],"3":[3,1],"4":[2,1],"5":[3,2]},"_coverageSchema":"332fd63041d2c1bcb487cc26dd0d5f7d97098a6c","hash":"8d20ecb83b083c658cf10066ee6982a63691ccf4"}
}
