{"C:\\Peter\\workspace\\Yandex\\homeworks\\testing\\controllers\\indexController.js": {"path":"C:\\Peter\\workspace\\Yandex\\homeworks\\testing\\controllers\\indexController.js","statementMap":{"0":{"start":{"line":1,"column":23},"end":{"line":1,"column":46}},"1":{"start":{"line":2,"column":45},"end":{"line":2,"column":75}},"2":{"start":{"line":4,"column":0},"end":{"line":20,"column":2}},"3":{"start":{"line":5,"column":2},"end":{"line":19,"column":4}},"4":{"start":{"line":7,"column":19},"end":{"line":10,"column":9}},"5":{"start":{"line":7,"column":40},"end":{"line":10,"column":7}},"6":{"start":{"line":12,"column":6},"end":{"line":16,"column":9}},"7":{"start":{"line":18,"column":11},"end":{"line":18,"column":20}}},"fnMap":{"0":{"name":"(anonymous_0)","decl":{"start":{"line":4,"column":17},"end":{"line":4,"column":18}},"loc":{"start":{"line":4,"column":42},"end":{"line":20,"column":1}},"line":4},"1":{"name":"(anonymous_1)","decl":{"start":{"line":6,"column":4},"end":{"line":6,"column":5}},"loc":{"start":{"line":6,"column":15},"end":{"line":17,"column":5}},"line":6},"2":{"name":"(anonymous_2)","decl":{"start":{"line":7,"column":31},"end":{"line":7,"column":32}},"loc":{"start":{"line":7,"column":40},"end":{"line":10,"column":7}},"line":7},"3":{"name":"(anonymous_3)","decl":{"start":{"line":18,"column":4},"end":{"line":18,"column":5}},"loc":{"start":{"line":18,"column":11},"end":{"line":18,"column":20}},"line":18}},"branchMap":{},"s":{"0":1,"1":1,"2":1,"3":1,"4":1,"5":1,"6":1,"7":0},"f":{"0":1,"1":1,"2":1,"3":0},"b":{},"_coverageSchema":"332fd63041d2c1bcb487cc26dd0d5f7d97098a6c","hash":"17080919329931454552bb7e70dcd4b79c66ba84"}
,"C:\\Peter\\workspace\\Yandex\\homeworks\\testing\\te\\obertka.js": {"path":"C:\\Peter\\workspace\\Yandex\\homeworks\\testing\\te\\obertka.js","statementMap":{"0":{"start":{"line":1,"column":12},"end":{"line":1,"column":29}},"1":{"start":{"line":3,"column":14},"end":{"line":3,"column":33}},"2":{"start":{"line":3,"column":24},"end":{"line":3,"column":33}},"3":{"start":{"line":5,"column":0},"end":{"line":5,"column":23}}},"fnMap":{"0":{"name":"(anonymous_0)","decl":{"start":{"line":3,"column":14},"end":{"line":3,"column":15}},"loc":{"start":{"line":3,"column":24},"end":{"line":3,"column":33}},"line":3}},"branchMap":{},"s":{"0":1,"1":1,"2":1,"3":1},"f":{"0":1},"b":{},"_coverageSchema":"332fd63041d2c1bcb487cc26dd0d5f7d97098a6c","hash":"43e6c2669633fa9450b74bd02da795d5f6210206"}
,"C:\\Peter\\workspace\\Yandex\\homeworks\\testing\\utils\\git.js": {"path":"C:\\Peter\\workspace\\Yandex\\homeworks\\testing\\utils\\git.js","statementMap":{"0":{"start":{"line":1,"column":20},"end":{"line":1,"column":35}},"1":{"start":{"line":2,"column":13},"end":{"line":2,"column":25}},"2":{"start":{"line":4,"column":21},"end":{"line":4,"column":45}},"3":{"start":{"line":7,"column":2},"end":{"line":15,"column":5}},"4":{"start":{"line":8,"column":4},"end":{"line":14,"column":7}},"5":{"start":{"line":9,"column":6},"end":{"line":11,"column":7}},"6":{"start":{"line":10,"column":8},"end":{"line":10,"column":20}},"7":{"start":{"line":13,"column":6},"end":{"line":13,"column":33}},"8":{"start":{"line":19,"column":41},"end":{"line":19,"column":57}},"9":{"start":{"line":21,"column":2},"end":{"line":26,"column":4}},"10":{"start":{"line":30,"column":17},"end":{"line":30,"column":34}},"11":{"start":{"line":32,"column":2},"end":{"line":45,"column":5}},"12":{"start":{"line":41,"column":4},"end":{"line":44,"column":29}},"13":{"start":{"line":49,"column":23},"end":{"line":49,"column":39}},"14":{"start":{"line":50,"column":25},"end":{"line":50,"column":40}},"15":{"start":{"line":52,"column":2},"end":{"line":52,"column":30}},"16":{"start":{"line":56,"column":17},"end":{"line":56,"column":34}},"17":{"start":{"line":57,"column":2},"end":{"line":57,"column":28}},"18":{"start":{"line":59,"column":2},"end":{"line":65,"column":5}},"19":{"start":{"line":60,"column":4},"end":{"line":60,"column":22}},"20":{"start":{"line":61,"column":4},"end":{"line":64,"column":30}},"21":{"start":{"line":69,"column":2},"end":{"line":69,"column":43}},"22":{"start":{"line":72,"column":0},"end":{"line":79,"column":2}}},"fnMap":{"0":{"name":"executeGit","decl":{"start":{"line":6,"column":9},"end":{"line":6,"column":19}},"loc":{"start":{"line":6,"column":31},"end":{"line":16,"column":1}},"line":6},"1":{"name":"(anonymous_1)","decl":{"start":{"line":7,"column":21},"end":{"line":7,"column":22}},"loc":{"start":{"line":7,"column":42},"end":{"line":15,"column":3}},"line":7},"2":{"name":"(anonymous_2)","decl":{"start":{"line":8,"column":39},"end":{"line":8,"column":40}},"loc":{"start":{"line":8,"column":56},"end":{"line":14,"column":5}},"line":8},"3":{"name":"parseHistoryItem","decl":{"start":{"line":18,"column":9},"end":{"line":18,"column":25}},"loc":{"start":{"line":18,"column":32},"end":{"line":27,"column":1}},"line":18},"4":{"name":"gitHistory","decl":{"start":{"line":29,"column":9},"end":{"line":29,"column":19}},"loc":{"start":{"line":29,"column":41},"end":{"line":46,"column":1}},"line":29},"5":{"name":"(anonymous_5)","decl":{"start":{"line":40,"column":10},"end":{"line":40,"column":11}},"loc":{"start":{"line":40,"column":18},"end":{"line":45,"column":3}},"line":40},"6":{"name":"parseFileTreeItem","decl":{"start":{"line":48,"column":9},"end":{"line":48,"column":26}},"loc":{"start":{"line":48,"column":33},"end":{"line":53,"column":1}},"line":48},"7":{"name":"gitFileTree","decl":{"start":{"line":55,"column":9},"end":{"line":55,"column":20}},"loc":{"start":{"line":55,"column":33},"end":{"line":66,"column":1}},"line":55},"8":{"name":"(anonymous_8)","decl":{"start":{"line":59,"column":40},"end":{"line":59,"column":41}},"loc":{"start":{"line":59,"column":48},"end":{"line":65,"column":3}},"line":59},"9":{"name":"gitFileContent","decl":{"start":{"line":68,"column":9},"end":{"line":68,"column":23}},"loc":{"start":{"line":68,"column":30},"end":{"line":70,"column":1}},"line":68}},"branchMap":{"0":{"loc":{"start":{"line":9,"column":6},"end":{"line":11,"column":7}},"type":"if","locations":[{"start":{"line":9,"column":6},"end":{"line":11,"column":7}},{"start":{"line":9,"column":6},"end":{"line":11,"column":7}}],"line":9},"1":{"loc":{"start":{"line":29,"column":20},"end":{"line":29,"column":28}},"type":"default-arg","locations":[{"start":{"line":29,"column":27},"end":{"line":29,"column":28}}],"line":29},"2":{"loc":{"start":{"line":29,"column":30},"end":{"line":29,"column":39}},"type":"default-arg","locations":[{"start":{"line":29,"column":37},"end":{"line":29,"column":39}}],"line":29},"3":{"loc":{"start":{"line":57,"column":2},"end":{"line":57,"column":27}},"type":"binary-expr","locations":[{"start":{"line":57,"column":2},"end":{"line":57,"column":6}},{"start":{"line":57,"column":10},"end":{"line":57,"column":27}}],"line":57}},"s":{"0":1,"1":1,"2":1,"3":5,"4":5,"5":2,"6":1,"7":2,"8":1,"9":1,"10":0,"11":0,"12":0,"13":1,"14":1,"15":1,"16":3,"17":3,"18":3,"19":0,"20":0,"21":0,"22":1},"f":{"0":5,"1":5,"2":2,"3":1,"4":0,"5":0,"6":1,"7":3,"8":0,"9":0},"b":{"0":[1,1],"1":[0],"2":[0],"3":[3,1]},"_coverageSchema":"332fd63041d2c1bcb487cc26dd0d5f7d97098a6c","hash":"7b7ed62554aec57015f91bd2423c1229ee12735b"}
,"C:\\Peter\\workspace\\Yandex\\homeworks\\testing\\utils\\navigation.js": {"path":"C:\\Peter\\workspace\\Yandex\\homeworks\\testing\\utils\\navigation.js","statementMap":{"0":{"start":{"line":2,"column":2},"end":{"line":2,"column":40}},"1":{"start":{"line":6,"column":2},"end":{"line":6,"column":42}},"2":{"start":{"line":10,"column":13},"end":{"line":15,"column":3}},"3":{"start":{"line":17,"column":2},"end":{"line":43,"column":3}},"4":{"start":{"line":18,"column":27},"end":{"line":18,"column":66}},"5":{"start":{"line":19,"column":26},"end":{"line":19,"column":50}},"6":{"start":{"line":22,"column":4},"end":{"line":25,"column":7}},"7":{"start":{"line":28,"column":19},"end":{"line":28,"column":21}},"8":{"start":{"line":29,"column":4},"end":{"line":36,"column":5}},"9":{"start":{"line":30,"column":19},"end":{"line":30,"column":36}},"10":{"start":{"line":31,"column":6},"end":{"line":31,"column":29}},"11":{"start":{"line":32,"column":6},"end":{"line":35,"column":9}},"12":{"start":{"line":39,"column":4},"end":{"line":42,"column":9}},"13":{"start":{"line":45,"column":2},"end":{"line":45,"column":12}},"14":{"start":{"line":48,"column":0},"end":{"line":52,"column":2}}},"fnMap":{"0":{"name":"buildFolderUrl","decl":{"start":{"line":1,"column":9},"end":{"line":1,"column":23}},"loc":{"start":{"line":1,"column":47},"end":{"line":3,"column":1}},"line":1},"1":{"name":"buildFileUrl","decl":{"start":{"line":5,"column":9},"end":{"line":5,"column":21}},"loc":{"start":{"line":5,"column":40},"end":{"line":7,"column":1}},"line":5},"2":{"name":"buildBreadcrumbs","decl":{"start":{"line":9,"column":9},"end":{"line":9,"column":25}},"loc":{"start":{"line":9,"column":38},"end":{"line":46,"column":1}},"line":9}},"branchMap":{"0":{"loc":{"start":{"line":1,"column":36},"end":{"line":1,"column":45}},"type":"default-arg","locations":[{"start":{"line":1,"column":43},"end":{"line":1,"column":45}}],"line":1},"1":{"loc":{"start":{"line":13,"column":12},"end":{"line":13,"column":34}},"type":"cond-expr","locations":[{"start":{"line":13,"column":19},"end":{"line":13,"column":22}},{"start":{"line":13,"column":25},"end":{"line":13,"column":34}}],"line":13},"2":{"loc":{"start":{"line":17,"column":2},"end":{"line":43,"column":3}},"type":"if","locations":[{"start":{"line":17,"column":2},"end":{"line":43,"column":3}},{"start":{"line":17,"column":2},"end":{"line":43,"column":3}}],"line":17},"3":{"loc":{"start":{"line":18,"column":28},"end":{"line":18,"column":38}},"type":"binary-expr","locations":[{"start":{"line":18,"column":28},"end":{"line":18,"column":32}},{"start":{"line":18,"column":36},"end":{"line":18,"column":38}}],"line":18},"4":{"loc":{"start":{"line":24,"column":12},"end":{"line":24,"column":65}},"type":"cond-expr","locations":[{"start":{"line":24,"column":36},"end":{"line":24,"column":53}},{"start":{"line":24,"column":56},"end":{"line":24,"column":65}}],"line":24},"5":{"loc":{"start":{"line":39,"column":4},"end":{"line":42,"column":8}},"type":"binary-expr","locations":[{"start":{"line":39,"column":4},"end":{"line":39,"column":15}},{"start":{"line":40,"column":6},"end":{"line":42,"column":8}}],"line":39}},"s":{"0":1,"1":0,"2":0,"3":0,"4":0,"5":0,"6":0,"7":0,"8":0,"9":0,"10":0,"11":0,"12":0,"13":0,"14":1},"f":{"0":1,"1":0,"2":0},"b":{"0":[0],"1":[0,0],"2":[0,0],"3":[0,0],"4":[0,0],"5":[0,0]},"_coverageSchema":"332fd63041d2c1bcb487cc26dd0d5f7d97098a6c","hash":"8d20ecb83b083c658cf10066ee6982a63691ccf4"}
}
