TN:
SF:C:\Peter\workspace\Yandex\homeworks\testing\controllers\contentController.js
FN:4,(anonymous_0)
FN:14,(anonymous_1)
FN:20,(anonymous_2)
FN:31,(anonymous_3)
FNF:4
FNH:3
FNDA:1,(anonymous_0)
FNDA:1,(anonymous_1)
FNDA:1,(anonymous_2)
FNDA:0,(anonymous_3)
DA:1,1
DA:2,1
DA:4,1
DA:5,1
DA:6,1
DA:7,1
DA:8,1
DA:10,1
DA:11,1
DA:13,1
DA:15,1
DA:16,0
DA:21,1
DA:22,0
DA:28,1
DA:31,0
LF:16
LH:13
BRDA:5,0,0,1
BRDA:5,0,1,1
BRDA:5,0,2,0
BRDA:6,1,0,1
BRDA:6,1,1,0
BRDA:7,2,0,1
BRDA:7,2,1,0
BRDA:8,3,0,1
BRDA:8,3,1,0
BRDA:15,4,0,0
BRDA:15,4,1,1
BRDA:15,5,0,1
BRDA:15,5,1,1
BRDA:21,6,0,0
BRDA:21,6,1,1
BRF:15
BRH:9
end_of_record
TN:
SF:C:\Peter\workspace\Yandex\homeworks\testing\controllers\filesController.js
FN:8,buildObjectUrl
FN:19,(anonymous_1)
FN:31,(anonymous_2)
FN:32,(anonymous_3)
FN:44,(anonymous_4)
FNF:5
FNH:3
FNDA:0,buildObjectUrl
FNDA:2,(anonymous_1)
FNDA:2,(anonymous_2)
FNDA:2,(anonymous_3)
FNDA:0,(anonymous_4)
DA:1,1
DA:6,1
DA:9,0
DA:11,0
DA:13,0
DA:15,0
DA:19,1
DA:20,2
DA:21,2
DA:22,2
DA:23,2
DA:25,2
DA:26,2
DA:28,2
DA:30,2
DA:32,2
DA:38,2
DA:44,0
LF:18
LH:13
BRDA:9,0,0,0
BRDA:9,0,1,0
BRDA:9,0,2,0
BRDA:20,1,0,2
BRDA:20,1,1,2
BRDA:20,1,2,0
BRDA:21,2,0,2
BRDA:21,2,1,0
BRDA:22,3,0,2
BRDA:22,3,1,0
BRDA:23,4,0,2
BRDA:23,4,1,0
BRDA:26,5,0,2
BRDA:26,5,1,2
BRDA:28,6,0,0
BRDA:28,6,1,2
BRF:16
BRH:8
end_of_record
TN:
SF:C:\Peter\workspace\Yandex\homeworks\testing\controllers\indexController.js
FN:4,(anonymous_0)
FN:11,(anonymous_1)
FN:12,(anonymous_2)
FN:23,(anonymous_3)
FNF:4
FNH:3
FNDA:2,(anonymous_0)
FNDA:2,(anonymous_1)
FNDA:2,(anonymous_2)
FNDA:0,(anonymous_3)
DA:1,1
DA:2,1
DA:4,1
DA:5,2
DA:6,2
DA:7,2
DA:8,2
DA:10,2
DA:12,2
DA:17,2
DA:23,0
LF:11
LH:10
BRDA:5,0,0,2
BRDA:5,0,1,2
BRDA:5,0,2,0
BRDA:6,1,0,2
BRDA:6,1,1,0
BRDA:7,2,0,2
BRDA:7,2,1,0
BRDA:8,3,0,2
BRDA:8,3,1,0
BRF:9
BRH:5
end_of_record
TN:
SF:C:\Peter\workspace\Yandex\homeworks\testing\utils\git.js
FN:6,executeGit
FN:7,(anonymous_1)
FN:8,(anonymous_2)
FN:18,parseHistoryItem
FN:29,gitHistory
FN:40,(anonymous_5)
FN:48,parseFileTreeItem
FN:55,gitFileTree
FN:63,(anonymous_8)
FN:71,gitFileContent
FNF:10
FNH:7
FNDA:2,executeGit
FNDA:2,(anonymous_1)
FNDA:2,(anonymous_2)
FNDA:1,parseHistoryItem
FNDA:0,gitHistory
FNDA:0,(anonymous_5)
FNDA:1,parseFileTreeItem
FNDA:3,gitFileTree
FNDA:3,(anonymous_8)
FNDA:0,gitFileContent
DA:1,4
DA:2,4
DA:4,4
DA:7,2
DA:8,2
DA:9,2
DA:10,1
DA:13,2
DA:19,1
DA:21,1
DA:30,0
DA:32,0
DA:41,0
DA:49,1
DA:50,1
DA:52,1
DA:56,3
DA:57,3
DA:58,3
DA:60,3
DA:61,3
DA:63,3
DA:64,3
DA:72,0
DA:75,4
LF:25
LH:21
BRDA:9,0,0,1
BRDA:9,0,1,1
BRDA:29,1,0,0
BRDA:29,2,0,0
BRDA:56,3,0,3
BRDA:56,3,1,3
BRDA:56,3,2,0
BRDA:57,4,0,3
BRDA:57,4,1,0
BRDA:58,5,0,3
BRDA:58,5,1,3
BRDA:61,6,0,3
BRDA:61,6,1,1
BRF:13
BRH:9
end_of_record
TN:
SF:C:\Peter\workspace\Yandex\homeworks\testing\utils\navigation.js
FN:1,buildFolderUrl
FN:5,buildFileUrl
FN:9,buildBreadcrumbs
FNF:3
FNH:3
FNDA:1,buildFolderUrl
FNDA:1,buildFileUrl
FNDA:4,buildBreadcrumbs
DA:2,1
DA:6,1
DA:10,4
DA:17,4
DA:18,3
DA:19,3
DA:22,3
DA:28,3
DA:29,3
DA:30,2
DA:31,2
DA:32,2
DA:39,3
DA:45,4
DA:48,4
LF:15
LH:15
BRDA:1,0,0,0
BRDA:13,1,0,3
BRDA:13,1,1,1
BRDA:17,2,0,3
BRDA:17,2,1,1
BRDA:18,3,0,3
BRDA:18,3,1,1
BRDA:24,4,0,2
BRDA:24,4,1,1
BRDA:39,5,0,3
BRDA:39,5,1,2
BRF:11
BRH:10
end_of_record
